<?xml version="1.0" encoding="UTF-8"?>
<!-- Generated by org.testng.reporters.JUnitXMLReporter -->
<testsuite hostname="Ofir-Dahan-2.local" ignored="4" name="Pages" tests="7" failures="0" timestamp="03 Mar 2017 22:03:37 GMT" time="10.716" errors="0">
  <testcase name="updatedLoginFields" time="1.641" classname="Tests.LoginTest"/>
  <testcase name="validateLoginUrlSet" time="5.889" classname="Tests.LoginTest"/>
  <testcase name="validateSignUpLinkUrl" time="0.597" classname="Tests.LoginTest"/>
  <testcase name="verifyLinks" time="0.084" classname="Tests.HomePageTest"/>
  <testcase name="verifyNavigationLinks" time="0.219" classname="Tests.HomePageTest"/>
  <testcase name="JavaScriptAlert" time="1.561" classname="Tests.HerokuAppTest"/>
  <testcase name="multipleWindows" time="0.713" classname="Tests.HerokuAppTest"/>
  <testcase name="@BeforeSuite setUpDefault" time="0.0" classname="BaseTestSetup.TestSetup">
    <ignored/>
  </testcase> <!-- @BeforeSuite setUpDefault -->
  <testcase name="@BeforeSuite setUpDefault" time="0.0" classname="BaseTestSetup.TestSetup">
    <ignored/>
  </testcase> <!-- @BeforeSuite setUpDefault -->
  <testcase name="@AfterSuite suiteTearDown" time="0.0" classname="BaseTestSetup.TestSetup">
    <ignored/>
  </testcase> <!-- @AfterSuite suiteTearDown -->
  <testcase name="@AfterSuite suiteTearDown" time="0.0" classname="BaseTestSetup.TestSetup">
    <ignored/>
  </testcase> <!-- @AfterSuite suiteTearDown -->
</testsuite> <!-- Pages -->
