<?xml version="1.0" encoding="UTF-8"?>
<!-- Generated by org.testng.reporters.JUnitXMLReporter -->
<testsuite hostname="Ofir-Dahan-2.local" ignored="4" name="Pages" tests="10" failures="0" timestamp="05 Mar 2017 23:44:50 GMT" time="13.334" errors="0">
  <testcase name="updatedLoginFields" time="4.35" classname="Tests.LoginTest"/>
  <testcase name="validateLoginUrlSet" time="1.077" classname="Tests.LoginTest"/>
  <testcase name="validateSignUpLinkUrl" time="2.623" classname="Tests.LoginTest"/>
  <testcase name="redeemCodeLink" time="1.205" classname="Tests.HomePageTest"/>
  <testcase name="verifyLinks" time="0.08" classname="Tests.HomePageTest"/>
  <testcase name="verifyNavigationLinks" time="0.224" classname="Tests.HomePageTest"/>
  <testcase name="JavaScriptAlert" time="1.568" classname="Tests.HerokuAppTest"/>
  <testcase name="forgotPasswordSendPassword" time="1.384" classname="Tests.HerokuAppTest"/>
  <testcase name="multipleWindows" time="0.472" classname="Tests.HerokuAppTest"/>
  <testcase name="verifyCheckboxes" time="0.338" classname="Tests.HerokuAppTest"/>
  <testcase name="@BeforeSuite setUpDefault" time="0.0" classname="BaseTestSetup.TestSetup">
    <ignored/>
  </testcase> <!-- @BeforeSuite setUpDefault -->
  <testcase name="@BeforeSuite setUpDefault" time="0.0" classname="BaseTestSetup.TestSetup">
    <ignored/>
  </testcase> <!-- @BeforeSuite setUpDefault -->
  <testcase name="@AfterSuite suiteTearDown" time="0.0" classname="BaseTestSetup.TestSetup">
    <ignored/>
  </testcase> <!-- @AfterSuite suiteTearDown -->
  <testcase name="@AfterSuite suiteTearDown" time="0.0" classname="BaseTestSetup.TestSetup">
    <ignored/>
  </testcase> <!-- @AfterSuite suiteTearDown -->
</testsuite> <!-- Pages -->
