<?xml version="1.0" encoding="UTF-8"?>
<!-- Generated by org.testng.reporters.JUnitXMLReporter -->
<testsuite hostname="Ofir-Dahan-2.local" ignored="0" name="HomePage" tests="3" failures="0" timestamp="02 Mar 2017 00:38:13 GMT" time="0.729" errors="0">
  <testcase name="playTutorialVideo" time="0.286" classname="Tests.HomePageTest"/>
  <testcase name="verifyLinks" time="0.215" classname="Tests.HomePageTest"/>
  <testcase name="verifyNavigationLinks" time="0.215" classname="Tests.HomePageTest"/>
</testsuite> <!-- HomePage -->
