<?xml version="1.0" encoding="UTF-8"?>
<!-- Generated by org.testng.reporters.JUnitXMLReporter -->
<testsuite hostname="Ofir-Dahan-2.local" ignored="2" name="HomePage" tests="5" failures="0" timestamp="02 Mar 2017 02:05:22 GMT" time="3.187" errors="0">
  <testcase name="playTutorialVideo" time="0.291" classname="Tests.HomePageTest"/>
  <testcase name="verifyLinks" time="0.088" classname="Tests.HomePageTest"/>
  <testcase name="verifyNavigationLinks" time="0.176" classname="Tests.HomePageTest"/>
  <testcase name="JavaScriptAlert" time="1.852" classname="Tests.HerokuAppTest"/>
  <testcase name="multipleWindows" time="0.766" classname="Tests.HerokuAppTest"/>
  <testcase name="@BeforeSuite setUpDefault" time="0.0" classname="CommonObjects.TestSetup">
    <ignored/>
  </testcase> <!-- @BeforeSuite setUpDefault -->
  <testcase name="@AfterSuite suiteTearDown" time="0.0" classname="CommonObjects.TestSetup">
    <ignored/>
  </testcase> <!-- @AfterSuite suiteTearDown -->
</testsuite> <!-- HomePage -->
