<?xml version="1.0" encoding="UTF-8"?>
<testng-results skipped="0" failed="0" ignored="4" total="15" passed="11">
  <reporter-output>
  </reporter-output>
  <suite name="Not Logged In" duration-ms="7668" started-at="2017-03-10T01:52:58Z" finished-at="2017-03-10T01:53:06Z">
    <groups>
    </groups>
    <test name="Pages" duration-ms="7668" started-at="2017-03-10T01:52:58Z" finished-at="2017-03-10T01:53:06Z">
      <class name="Tests.HerokuAppTest">
        <test-method status="PASS" signature="JavaScriptAlert()[pri:0, instance:Tests.HerokuAppTest@2f7a2457]" name="JavaScriptAlert" duration-ms="1399" started-at="2017-03-09T17:53:02Z" finished-at="2017-03-09T17:53:04Z">
          <reporter-output>
          </reporter-output>
        </test-method> <!-- JavaScriptAlert -->
        <test-method status="PASS" signature="forgotPasswordSendPassword()[pri:0, instance:Tests.HerokuAppTest@2f7a2457]" name="forgotPasswordSendPassword" duration-ms="962" started-at="2017-03-09T17:53:04Z" finished-at="2017-03-09T17:53:05Z">
          <reporter-output>
          </reporter-output>
        </test-method> <!-- forgotPasswordSendPassword -->
        <test-method status="PASS" signature="multipleWindows()[pri:0, instance:Tests.HerokuAppTest@2f7a2457]" name="multipleWindows" duration-ms="427" started-at="2017-03-09T17:53:05Z" finished-at="2017-03-09T17:53:05Z">
          <reporter-output>
          </reporter-output>
        </test-method> <!-- multipleWindows -->
        <test-method status="PASS" signature="testBasicAuth()[pri:0, instance:Tests.HerokuAppTest@2f7a2457]" name="testBasicAuth" duration-ms="429" started-at="2017-03-09T17:53:05Z" finished-at="2017-03-09T17:53:06Z">
          <reporter-output>
          </reporter-output>
        </test-method> <!-- testBasicAuth -->
        <test-method status="PASS" signature="verifyCheckboxes()[pri:0, instance:Tests.HerokuAppTest@2f7a2457]" name="verifyCheckboxes" duration-ms="324" started-at="2017-03-09T17:53:06Z" finished-at="2017-03-09T17:53:06Z">
          <reporter-output>
          </reporter-output>
        </test-method> <!-- verifyCheckboxes -->
      </class> <!-- Tests.HerokuAppTest -->
      <class name="Tests.HomePageTest">
        <test-method status="PASS" signature="redeemCodeLink()[pri:0, instance:Tests.HomePageTest@edf4efb]" name="redeemCodeLink" duration-ms="450" started-at="2017-03-09T17:53:02Z" finished-at="2017-03-09T17:53:02Z">
          <reporter-output>
          </reporter-output>
        </test-method> <!-- redeemCodeLink -->
        <test-method status="PASS" signature="verifyLinks()[pri:0, instance:Tests.HomePageTest@edf4efb]" name="verifyLinks" duration-ms="71" started-at="2017-03-09T17:53:02Z" finished-at="2017-03-09T17:53:02Z">
          <reporter-output>
          </reporter-output>
        </test-method> <!-- verifyLinks -->
        <test-method status="PASS" signature="verifyNavigationLinks()[pri:0, instance:Tests.HomePageTest@edf4efb]" name="verifyNavigationLinks" duration-ms="207" started-at="2017-03-09T17:53:02Z" finished-at="2017-03-09T17:53:02Z">
          <reporter-output>
          </reporter-output>
        </test-method> <!-- verifyNavigationLinks -->
      </class> <!-- Tests.HomePageTest -->
      <class name="Tests.LoginTest">
        <test-method status="PASS" signature="setUpDefault()[pri:0, instance:Tests.LoginTest@7f690630]" name="setUpDefault" is-config="true" duration-ms="2916" started-at="2017-03-09T17:52:55Z" finished-at="2017-03-09T17:52:58Z">
          <reporter-output>
          </reporter-output>
        </test-method> <!-- setUpDefault -->
        <test-method status="PASS" signature="updatedLoginFields()[pri:0, instance:Tests.LoginTest@7f690630]" name="updatedLoginFields" duration-ms="2264" started-at="2017-03-09T17:52:58Z" finished-at="2017-03-09T17:53:01Z">
          <reporter-output>
          </reporter-output>
        </test-method> <!-- updatedLoginFields -->
        <test-method status="PASS" signature="validateLoginUrlSet()[pri:0, instance:Tests.LoginTest@7f690630]" name="validateLoginUrlSet" duration-ms="559" started-at="2017-03-09T17:53:01Z" finished-at="2017-03-09T17:53:01Z">
          <reporter-output>
          </reporter-output>
        </test-method> <!-- validateLoginUrlSet -->
        <test-method status="PASS" signature="validateSignUpLinkUrl()[pri:0, instance:Tests.LoginTest@7f690630]" name="validateSignUpLinkUrl" duration-ms="560" started-at="2017-03-09T17:53:01Z" finished-at="2017-03-09T17:53:02Z">
          <reporter-output>
          </reporter-output>
        </test-method> <!-- validateSignUpLinkUrl -->
        <test-method status="PASS" signature="suiteTearDown()[pri:0, instance:Tests.LoginTest@7f690630]" name="suiteTearDown" is-config="true" duration-ms="134" started-at="2017-03-09T17:53:11Z" finished-at="2017-03-09T17:53:11Z">
          <reporter-output>
          </reporter-output>
        </test-method> <!-- suiteTearDown -->
      </class> <!-- Tests.LoginTest -->
    </test> <!-- Pages -->
  </suite> <!-- Not Logged In -->
</testng-results>
